c:\users\bcj19\source\repos\tiny4\x64\release\vc142.pdb
c:\users\bcj19\source\repos\tiny4\x64\release\main.obj
c:\users\bcj19\source\repos\tiny4\x64\release\tiny4.exe
c:\users\bcj19\source\repos\tiny4\x64\release\tiny4.res
c:\users\bcj19\source\repos\tiny4\x64\release\tiny4.lib
c:\users\bcj19\source\repos\tiny4\x64\release\tiny4.exp
c:\users\bcj19\source\repos\tiny4\x64\release\tiny4.ipdb
c:\users\bcj19\source\repos\tiny4\x64\release\tiny4.iobj
c:\users\bcj19\source\repos\tiny4\x64\release\tdll.ipdb
c:\users\bcj19\source\repos\tiny4\x64\release\tdllcompress.ipdb
c:\users\bcj19\source\repos\tiny4\x64\release\tdll.iobj
c:\users\bcj19\source\repos\tiny4\x64\release\tdllcompress.iobj
c:\users\bcj19\source\repos\tiny4\x64\release\tdll.exp
c:\users\bcj19\source\repos\tiny4\x64\release\tdllcompress.pdb
c:\users\bcj19\source\repos\tiny4\x64\release\tiny4.tlog\cl.command.1.tlog
c:\users\bcj19\source\repos\tiny4\x64\release\tiny4.tlog\cl.read.1.tlog
c:\users\bcj19\source\repos\tiny4\x64\release\tiny4.tlog\cl.write.1.tlog
c:\users\bcj19\source\repos\tiny4\x64\release\tiny4.tlog\link.command.1.tlog
c:\users\bcj19\source\repos\tiny4\x64\release\tiny4.tlog\link.read.1.tlog
c:\users\bcj19\source\repos\tiny4\x64\release\tiny4.tlog\link.write.1.tlog
c:\users\bcj19\source\repos\tiny4\x64\release\tiny4.tlog\rc.command.1.tlog
c:\users\bcj19\source\repos\tiny4\x64\release\tiny4.tlog\rc.read.1.tlog
c:\users\bcj19\source\repos\tiny4\x64\release\tiny4.tlog\rc.write.1.tlog
c:\users\bcj19\source\repos\tiny4\x64\release\tiny4.tlog\tiny4.write.1u.tlog
