c:\users\bcj19\source\repos\tiny4\x64\debug\vc142.pdb
c:\users\bcj19\source\repos\tiny4\x64\debug\vc142.idb
c:\users\bcj19\source\repos\tiny4\x64\debug\main.obj
c:\users\bcj19\source\repos\tiny4\x64\debug\tiny4.exe
c:\users\bcj19\source\repos\tiny4\x64\debug\tiny4.ilk
c:\users\bcj19\source\repos\tiny4\x64\debug\tiny4.pdb
c:\users\bcj19\source\repos\tiny4\x64\debug\tiny4.res
c:\users\bcj19\source\repos\tiny4\x64\debug\tdll.ilk
c:\users\bcj19\source\repos\tiny4\x64\debug\tdllcompress.ilk
c:\users\bcj19\source\repos\tiny4\x64\debug\tdll.exp
c:\users\bcj19\source\repos\tiny4\x64\debug\tdll.pdb
c:\users\bcj19\source\repos\tiny4\x64\debug\tdllcompress.pdb
c:\users\bcj19\source\repos\tiny4\x64\debug\tiny4.tlog\cl.command.1.tlog
c:\users\bcj19\source\repos\tiny4\x64\debug\tiny4.tlog\cl.read.1.tlog
c:\users\bcj19\source\repos\tiny4\x64\debug\tiny4.tlog\cl.write.1.tlog
c:\users\bcj19\source\repos\tiny4\x64\debug\tiny4.tlog\link.command.1.tlog
c:\users\bcj19\source\repos\tiny4\x64\debug\tiny4.tlog\link.read.1.tlog
c:\users\bcj19\source\repos\tiny4\x64\debug\tiny4.tlog\link.write.1.tlog
c:\users\bcj19\source\repos\tiny4\x64\debug\tiny4.tlog\rc.command.1.tlog
c:\users\bcj19\source\repos\tiny4\x64\debug\tiny4.tlog\rc.read.1.tlog
c:\users\bcj19\source\repos\tiny4\x64\debug\tiny4.tlog\rc.write.1.tlog
