  dllmain.c
  game.c
cl : command line warning D9025: overriding '/sdl-' with '/GS-'
C:\Users\bcj19\source\repos\tiny4\tdll\game.c(19,95): warning C4020: 'makeTax': too many actual parameters
C:\Users\bcj19\source\repos\tiny4\tdll\game.c(38,38): warning C4133: 'function': incompatible types - from 'const u8 *' to 'const GLint *'
C:\Users\bcj19\source\repos\tiny4\tdll\game.c(33,1): warning C4267: 'initializing': conversion from 'size_t' to 'u32', possible loss of data
C:\Users\bcj19\source\repos\tiny4\tdll\game.c(87,38): warning C4244: 'function': conversion from 'u32' to 'GLfloat', possible loss of data
C:\Users\bcj19\source\repos\tiny4\tdll\game.c(87,59): warning C4244: 'function': conversion from 'u32' to 'GLfloat', possible loss of data
C:\Users\bcj19\source\repos\tiny4\tdll\game.c(90,38): warning C4244: 'function': conversion from 'u32' to 'GLfloat', possible loss of data
C:\Users\bcj19\source\repos\tiny4\tdll\game.c(90,59): warning C4244: 'function': conversion from 'u32' to 'GLfloat', possible loss of data
LINK : warning LNK4108: /ALIGN specified without /DRIVER; image may not run
     Creating library C:\Users\bcj19\source\repos\tiny4\x64\Release\tdll.lib and object C:\Users\bcj19\source\repos\tiny4\x64\Release\tdll.exp
  Generating code
  Previous IPDB not found, fall back to full compilation.
  All 22 functions were compiled because no usable IPDB/IOBJ from previous compilation was found.
  Finished generating code
  tdll.vcxproj -> C:\Users\bcj19\source\repos\tiny4\x64\Release\tdll.dll
  Input file size: 19936; Compressed Size: 10130
  Compression Time(Exclude I/O): 0.00 seconds
  File Compressed.
